<?xml version="1.0" encoding="UTF-8"?>
<robot generator="Robot 6.1.1 (Python 3.10.11 on win32)" generated="20240702 13:31:05.879" rpa="false" schemaversion="4">
<suite id="s1" name="Examples" source="C:\Users\PC\Desktop\robot_framework\Examples">
<suite id="s1-s1" name="My Second Selenium" source="C:\Users\PC\Desktop\robot_framework\Examples\my_second_selenium.robot">
<test id="s1-s1-t1" name="User Management in OrangeHRM" line="20">
<kw name="Given the visitor go to &quot;${URL}&quot; on browser &quot;${BROWSER}&quot;" sourcename="the visitor go to &quot;${url}&quot; on browser &quot;${browser}&quot;">
<kw name="Open Browser" library="SeleniumLibrary">
<arg>${url}</arg>
<arg>${browser}</arg>
<doc>Opens a new browser instance to the optional ``url``.</doc>
<msg timestamp="20240702 13:31:06.263" level="INFO">Opening browser 'chrome' to base url 'https://opensource-demo.orangehrmlive.com/web/index.php/auth/login'.</msg>
<status status="PASS" starttime="20240702 13:31:06.263" endtime="20240702 13:31:11.633"/>
</kw>
<status status="PASS" starttime="20240702 13:31:06.263" endtime="20240702 13:31:11.633"/>
</kw>
<kw name="When the visitor logs in with username &quot;${ADMIN_USERNAME}&quot; and password &quot;${ADMIN_PASSWORD}&quot;" sourcename="the visitor logs in with username &quot;${username}&quot; and password &quot;${password}&quot;">
<msg timestamp="20240702 13:31:11.633" level="FAIL">Variable '${ADMIN_USERNAME}' not found.</msg>
<status status="FAIL" starttime="20240702 13:31:11.633" endtime="20240702 13:31:11.633"/>
</kw>
<kw name="And the visitor adds a new user with employee name &quot;${EMPLOYEE_NAME}&quot;, username &quot;${USER_NAME}&quot;, password &quot;${USER_PASSWORD}&quot;, role &quot;${ROLE}&quot;, and status &quot;${STATUS}&quot;" sourcename="the visitor adds a new user with employee name &quot;${employee_name}&quot;, username &quot;${username}&quot;, password &quot;${password}&quot;, role &quot;${role}&quot;, and status &quot;${status}&quot;">
<status status="NOT RUN" starttime="20240702 13:31:11.633" endtime="20240702 13:31:11.633"/>
</kw>
<kw name="Then the visitor should see the user &quot;${USER_NAME}&quot; in the user list" sourcename="the visitor should see the user &quot;${username}&quot; in the user list">
<status status="NOT RUN" starttime="20240702 13:31:11.633" endtime="20240702 13:31:11.633"/>
</kw>
<kw name="When the visitor edits the user &quot;${USER_NAME}&quot; to role &quot;${NEW_ROLE}&quot;" sourcename="the visitor edits the user &quot;${username}&quot; to role &quot;${role}&quot;">
<status status="NOT RUN" starttime="20240702 13:31:11.633" endtime="20240702 13:31:11.633"/>
</kw>
<kw name="Then the visitor should see the user &quot;${USER_NAME}&quot; with role &quot;${NEW_ROLE}&quot; in the user list" sourcename="the visitor should see the user &quot;${username}&quot; with role &quot;${role}&quot; in the user list">
<status status="NOT RUN" starttime="20240702 13:31:11.641" endtime="20240702 13:31:11.641"/>
</kw>
<kw name="When the visitor deletes the user &quot;${USER_NAME}&quot;" sourcename="the visitor deletes the user &quot;${username}&quot;">
<status status="NOT RUN" starttime="20240702 13:31:11.641" endtime="20240702 13:31:11.641"/>
</kw>
<kw name="Then the visitor should not see the user &quot;${USER_NAME}&quot; in the user list" sourcename="the visitor should not see the user &quot;${username}&quot; in the user list">
<status status="NOT RUN" starttime="20240702 13:31:11.641" endtime="20240702 13:31:11.641"/>
</kw>
<kw name="And the visitor logs out">
<status status="NOT RUN" starttime="20240702 13:31:11.641" endtime="20240702 13:31:11.641"/>
</kw>
<tag>user_management</tag>
<status status="FAIL" starttime="20240702 13:31:06.263" endtime="20240702 13:31:11.641">Variable '${ADMIN_USERNAME}' not found.</status>
</test>
<status status="FAIL" starttime="20240702 13:31:05.912" endtime="20240702 13:31:11.641"/>
</suite>
<suite id="s1-s2" name="User Managment" source="C:\Users\PC\Desktop\robot_framework\Examples\user_managment.robot">
<test id="s1-s2-t1" name="User Management Test" line="6">
<kw name="Given I am on the OrangeHRM login page">
<msg timestamp="20240702 13:31:11.657" level="FAIL">No keyword with name 'Given I am on the OrangeHRM login page' found.</msg>
<status status="FAIL" starttime="20240702 13:31:11.657" endtime="20240702 13:31:11.657"/>
</kw>
<kw name="When I log in with username &quot;${ADMIN_USERNAME}&quot; and password &quot;${ADMIN_PASSWORD}&quot;">
<status status="NOT RUN" starttime="20240702 13:31:11.665" endtime="20240702 13:31:11.665"/>
</kw>
<kw name="And I wait for 10 seconds">
<status status="NOT RUN" starttime="20240702 13:31:11.665" endtime="20240702 13:31:11.665"/>
</kw>
<kw name="And I log out">
<status status="NOT RUN" starttime="20240702 13:31:11.665" endtime="20240702 13:31:11.665"/>
</kw>
<tag>user_management</tag>
<status status="FAIL" starttime="20240702 13:31:11.657" endtime="20240702 13:31:11.665">No keyword with name 'Given I am on the OrangeHRM login page' found.</status>
</test>
<status status="FAIL" starttime="20240702 13:31:11.649" endtime="20240702 13:31:11.665"/>
</suite>
<status status="FAIL" starttime="20240702 13:31:05.879" endtime="20240702 13:31:11.674"/>
</suite>
<statistics>
<total>
<stat pass="0" fail="2" skip="0">All Tests</stat>
</total>
<tag>
<stat pass="0" fail="2" skip="0">user_management</stat>
</tag>
<suite>
<stat pass="0" fail="2" skip="0" id="s1" name="Examples">Examples</stat>
<stat pass="0" fail="1" skip="0" id="s1-s1" name="My Second Selenium">Examples.My Second Selenium</stat>
<stat pass="0" fail="1" skip="0" id="s1-s2" name="User Managment">Examples.User Managment</stat>
</suite>
</statistics>
<errors>
<msg timestamp="20240702 13:31:05.921" level="ERROR">Error in file 'C:\Users\PC\Desktop\robot_framework\Examples\my_second_selenium.robot' on line 10: Setting variable '${ADMIN_USERNAME} Admin' failed: Invalid variable name '${ADMIN_USERNAME} Admin'.</msg>
<msg timestamp="20240702 13:31:05.921" level="ERROR">Error in file 'C:\Users\PC\Desktop\robot_framework\Examples\my_second_selenium.robot' on line 11: Setting variable '${ADMIN_PASSWORD} admin123' failed: Invalid variable name '${ADMIN_PASSWORD} admin123'.</msg>
<msg timestamp="20240702 13:31:06.263" level="ERROR">Error in file 'C:\Users\PC\Desktop\robot_framework\Examples\my_second_selenium.robot' on line 5: Resource file 'user_management_keywords.robot' does not exist.</msg>
<msg timestamp="20240702 13:31:11.649" level="ERROR">Error in file 'C:\Users\PC\Desktop\robot_framework\Examples\user_managment.robot' on line 2: Resource file 'user_management_keywords.robot' does not exist.</msg>
<msg timestamp="20240702 13:31:11.657" level="ERROR">Error in file 'C:\Users\PC\Desktop\robot_framework\Examples\user_managment.robot' on line 3: Processing variable file 'variables.robot' failed: Importing variable file 'variables.robot' failed: ModuleNotFoundError: No module named 'variables'
Traceback (most recent call last):
  None
PYTHONPATH:
  C:\Users\PC\Desktop\robot_framework
  C:\Python310\python310.zip
  C:\Python310\DLLs
  C:\Python310\lib
  C:\Python310
  C:\Users\PC\Desktop\robot_framework\.venv
  C:\Users\PC\Desktop\robot_framework\.venv\lib\site-packages</msg>
</errors>
</robot>
